nohup: ignoring input
create model ...
start training...
Epoch: 0001 train_loss =  3.24091 val_roc_score =  0.77050 average_precision_score =  0.66992 time= 0.85475
Epoch: 0002 train_loss =  3.18022 val_roc_score =  0.87671 average_precision_score =  0.86657 time= 0.84643
Epoch: 0003 train_loss =  3.09047 val_roc_score =  0.87715 average_precision_score =  0.86704 time= 0.84354
Epoch: 0004 train_loss =  2.95696 val_roc_score =  0.87695 average_precision_score =  0.86698 time= 0.84279
Epoch: 0005 train_loss =  2.87052 val_roc_score =  0.87747 average_precision_score =  0.86741 time= 0.84714
Epoch: 0006 train_loss =  2.88739 val_roc_score =  0.87742 average_precision_score =  0.86727 time= 0.84777
Epoch: 0007 train_loss =  2.78251 val_roc_score =  0.87757 average_precision_score =  0.86748 time= 0.84134
Epoch: 0008 train_loss =  2.65458 val_roc_score =  0.87766 average_precision_score =  0.86745 time= 0.84429
Epoch: 0009 train_loss =  2.60484 val_roc_score =  0.87798 average_precision_score =  0.86780 time= 0.84680
Epoch: 0010 train_loss =  2.56642 val_roc_score =  0.87806 average_precision_score =  0.86766 time= 0.84952
Epoch: 0011 train_loss =  2.49832 val_roc_score =  0.87826 average_precision_score =  0.86771 time= 0.84535
Epoch: 0012 train_loss =  2.38511 val_roc_score =  0.87799 average_precision_score =  0.86763 time= 0.84903
Epoch: 0013 train_loss =  2.28920 val_roc_score =  0.87781 average_precision_score =  0.86762 time= 0.84161
Epoch: 0014 train_loss =  2.23039 val_roc_score =  0.87791 average_precision_score =  0.86761 time= 0.84422
Epoch: 0015 train_loss =  2.14044 val_roc_score =  0.87782 average_precision_score =  0.86750 time= 0.84063
Epoch: 0016 train_loss =  2.05134 val_roc_score =  0.87774 average_precision_score =  0.86754 time= 0.84043
Epoch: 0017 train_loss =  1.95402 val_roc_score =  0.87745 average_precision_score =  0.86740 time= 0.84461
Epoch: 0018 train_loss =  1.89405 val_roc_score =  0.87714 average_precision_score =  0.86720 time= 0.84435
Epoch: 0019 train_loss =  1.83182 val_roc_score =  0.87690 average_precision_score =  0.86693 time= 0.84567
Epoch: 0020 train_loss =  1.74144 val_roc_score =  0.87683 average_precision_score =  0.86717 time= 0.84130
Optimization Finished!
test roc score: 0.8767371798715641
test ap score: 0.8680650766563964
