nohup: ignoring input
create model ...
start training...
Epoch: 0001 train_loss =  1.83611 val_roc_score =  0.73571 average_precision_score =  0.62940 time= 0.81406
Epoch: 0002 train_loss =  1.83237 val_roc_score =  0.87094 average_precision_score =  0.85831 time= 0.81499
Epoch: 0003 train_loss =  1.82761 val_roc_score =  0.87429 average_precision_score =  0.86431 time= 0.81297
Epoch: 0004 train_loss =  1.78672 val_roc_score =  0.87509 average_precision_score =  0.86525 time= 0.80870
Epoch: 0005 train_loss =  1.76815 val_roc_score =  0.87523 average_precision_score =  0.86550 time= 0.81497
Epoch: 0006 train_loss =  1.72495 val_roc_score =  0.87523 average_precision_score =  0.86551 time= 0.81070
Epoch: 0007 train_loss =  1.69047 val_roc_score =  0.87593 average_precision_score =  0.86601 time= 0.80948
Epoch: 0008 train_loss =  1.63153 val_roc_score =  0.87573 average_precision_score =  0.86593 time= 0.80709
Epoch: 0009 train_loss =  1.57143 val_roc_score =  0.87551 average_precision_score =  0.86580 time= 0.80653
Epoch: 0010 train_loss =  1.50240 val_roc_score =  0.87587 average_precision_score =  0.86594 time= 0.81233
Epoch: 0011 train_loss =  1.44139 val_roc_score =  0.87567 average_precision_score =  0.86589 time= 0.80861
Epoch: 0012 train_loss =  1.37266 val_roc_score =  0.87557 average_precision_score =  0.86571 time= 0.80932
Epoch: 0013 train_loss =  1.32811 val_roc_score =  0.87578 average_precision_score =  0.86597 time= 0.80686
Epoch: 0014 train_loss =  1.30064 val_roc_score =  0.87607 average_precision_score =  0.86603 time= 0.80962
Epoch: 0015 train_loss =  1.25788 val_roc_score =  0.87592 average_precision_score =  0.86611 time= 0.80796
Epoch: 0016 train_loss =  1.23810 val_roc_score =  0.87607 average_precision_score =  0.86617 time= 0.80750
Epoch: 0017 train_loss =  1.18570 val_roc_score =  0.87594 average_precision_score =  0.86613 time= 0.80911
Epoch: 0018 train_loss =  1.14961 val_roc_score =  0.87607 average_precision_score =  0.86626 time= 0.81035
Epoch: 0019 train_loss =  1.10372 val_roc_score =  0.87593 average_precision_score =  0.86598 time= 0.81094
Epoch: 0020 train_loss =  1.05262 val_roc_score =  0.87605 average_precision_score =  0.86613 time= 0.81442
Optimization Finished!
test roc score: 0.8758194438300309
test ap score: 0.8629482273490456
