nohup: ignoring input
create model ...
start training...
Epoch: 0001 train_loss =  1.85570 val_roc_score =  0.80750 average_precision_score =  0.72917 time= 0.84645
Epoch: 0002 train_loss =  1.78607 val_roc_score =  0.88103 average_precision_score =  0.87114 time= 0.84186
Epoch: 0003 train_loss =  1.68021 val_roc_score =  0.88117 average_precision_score =  0.87144 time= 0.84135
Epoch: 0004 train_loss =  1.52555 val_roc_score =  0.88115 average_precision_score =  0.87141 time= 0.84212
Epoch: 0005 train_loss =  1.38254 val_roc_score =  0.88070 average_precision_score =  0.87098 time= 0.83917
Epoch: 0006 train_loss =  1.40003 val_roc_score =  0.88106 average_precision_score =  0.87134 time= 0.84185
Epoch: 0007 train_loss =  1.31239 val_roc_score =  0.88081 average_precision_score =  0.87110 time= 0.83766
Epoch: 0008 train_loss =  1.17827 val_roc_score =  0.88102 average_precision_score =  0.87134 time= 0.84063
Epoch: 0009 train_loss =  1.08710 val_roc_score =  0.88086 average_precision_score =  0.87126 time= 0.84173
Epoch: 0010 train_loss =  1.01816 val_roc_score =  0.88136 average_precision_score =  0.87162 time= 0.84121
Epoch: 0011 train_loss =  0.95128 val_roc_score =  0.88128 average_precision_score =  0.87133 time= 0.84128
Epoch: 0012 train_loss =  0.87212 val_roc_score =  0.88127 average_precision_score =  0.87142 time= 0.84218
Epoch: 0013 train_loss =  0.80497 val_roc_score =  0.88134 average_precision_score =  0.87154 time= 0.84077
Epoch: 0014 train_loss =  0.75538 val_roc_score =  0.88088 average_precision_score =  0.87120 time= 0.83701
Epoch: 0015 train_loss =  0.70903 val_roc_score =  0.88063 average_precision_score =  0.87073 time= 0.83698
Epoch: 0016 train_loss =  0.68525 val_roc_score =  0.88035 average_precision_score =  0.87055 time= 0.83837
Epoch: 0017 train_loss =  0.66079 val_roc_score =  0.87995 average_precision_score =  0.87053 time= 0.83806
Epoch: 0018 train_loss =  0.65187 val_roc_score =  0.87924 average_precision_score =  0.86958 time= 0.84210
Epoch: 0019 train_loss =  0.64572 val_roc_score =  0.87929 average_precision_score =  0.86995 time= 0.84069
Epoch: 0020 train_loss =  0.64103 val_roc_score =  0.87951 average_precision_score =  0.87026 time= 0.83967
Optimization Finished!
test roc score: 0.877033361471422
test ap score: 0.867286248500891
