nohup: ignoring input
create model ...
start training...
Epoch: 0001 train_loss =  3.24637 val_roc_score =  0.77403 average_precision_score =  0.68203 time= 0.81267
Epoch: 0002 train_loss =  3.21157 val_roc_score =  0.87269 average_precision_score =  0.86088 time= 0.81181
Epoch: 0003 train_loss =  3.15047 val_roc_score =  0.87391 average_precision_score =  0.86203 time= 0.81182
Epoch: 0004 train_loss =  3.08302 val_roc_score =  0.87457 average_precision_score =  0.86271 time= 0.81055
Epoch: 0005 train_loss =  3.03024 val_roc_score =  0.87410 average_precision_score =  0.86226 time= 0.81125
Epoch: 0006 train_loss =  2.95011 val_roc_score =  0.87450 average_precision_score =  0.86264 time= 0.81162
Epoch: 0007 train_loss =  2.82191 val_roc_score =  0.87460 average_precision_score =  0.86275 time= 0.81088
Epoch: 0008 train_loss =  2.73079 val_roc_score =  0.87442 average_precision_score =  0.86256 time= 0.80648
Epoch: 0009 train_loss =  2.61711 val_roc_score =  0.87454 average_precision_score =  0.86268 time= 0.81021
Epoch: 0010 train_loss =  2.50720 val_roc_score =  0.87480 average_precision_score =  0.86288 time= 0.80921
Epoch: 0011 train_loss =  2.42761 val_roc_score =  0.87506 average_precision_score =  0.86298 time= 0.81137
Epoch: 0012 train_loss =  2.36874 val_roc_score =  0.87497 average_precision_score =  0.86282 time= 0.81466
Epoch: 0013 train_loss =  2.29911 val_roc_score =  0.87504 average_precision_score =  0.86291 time= 0.81193
Epoch: 0014 train_loss =  2.21190 val_roc_score =  0.87526 average_precision_score =  0.86297 time= 0.80965
Epoch: 0015 train_loss =  2.12611 val_roc_score =  0.87511 average_precision_score =  0.86290 time= 0.81013
Epoch: 0016 train_loss =  2.03527 val_roc_score =  0.87528 average_precision_score =  0.86314 time= 0.81365
Epoch: 0017 train_loss =  1.96965 val_roc_score =  0.87524 average_precision_score =  0.86309 time= 0.81125
Epoch: 0018 train_loss =  1.90381 val_roc_score =  0.87515 average_precision_score =  0.86312 time= 0.80971
Epoch: 0019 train_loss =  1.85955 val_roc_score =  0.87487 average_precision_score =  0.86288 time= 0.80996
Epoch: 0020 train_loss =  1.81664 val_roc_score =  0.87483 average_precision_score =  0.86293 time= 0.81270
Optimization Finished!
test roc score: 0.8826745834179653
test ap score: 0.8715261230395998
